
> build
> vite build

[36mvite v7.1.2 [32mbuilding for production...[36m[39m
transforming...
[32m✓[39m 4554 modules transformed.
rendering chunks...
computing gzip size...
[2mpublic/build/[22m[32massets/layers-BWBAp2CZ.png                         [39m[1m[2m  0.70 kB[22m[1m[22m
[2mpublic/build/[22m[32massets/layers-2x-Bpkbi35X.png                      [39m[1m[2m  1.26 kB[22m[1m[22m
[2mpublic/build/[22m[32massets/marker-icon-hN30_KVU.png                    [39m[1m[2m  1.47 kB[22m[1m[22m
[2mpublic/build/[22m[32mmanifest.json                                      [39m[1m[2m632.30 kB[22m[1m[22m[2m │ gzip:  33.14 kB[22m
[2mpublic/build/[22m[35massets/app-B7QQOnIS.css                            [39m[1m[2m 25.24 kB[22m[1m[22m[2m │ gzip:   5.16 kB[22m
[2mpublic/build/[22m[35massets/app-HW3Jmmhn.css                            [39m[1m[2m279.88 kB[22m[1m[22m[2m │ gzip:  34.81 kB[22m
[2mpublic/build/[22m[36massets/ods-CVicSjON.js                             [39m[1m[2m  0.12 kB[22m[1m[22m[2m │ gzip:   0.08 kB[22m
[2mpublic/build/[22m[36massets/use-estados-entregas-DcmfEQow.js            [39m[1m[2m  0.21 kB[22m[1m[22m[2m │ gzip:   0.18 kB[22m
[2mpublic/build/[22m[36massets/skeleton-C1u2xhmt.js                        [39m[1m[2m  0.24 kB[22m[1m[22m[2m │ gzip:   0.20 kB[22m
[2mpublic/build/[22m[36massets/input-error-CxNHRbz6.js                     [39m[1m[2m  0.24 kB[22m[1m[22m[2m │ gzip:   0.21 kB[22m
[2mpublic/build/[22m[36massets/check-BZscmogd.js                           [39m[1m[2m  0.30 kB[22m[1m[22m[2m │ gzip:   0.25 kB[22m
[2mpublic/build/[22m[36massets/chevron-down-CMALMVsw.js                    [39m[1m[2m  0.31 kB[22m[1m[22m[2m │ gzip:   0.25 kB[22m
[2mpublic/build/[22m[36massets/chevron-up-BL3wTL24.js                      [39m[1m[2m  0.31 kB[22m[1m[22m[2m │ gzip:   0.26 kB[22m
[2mpublic/build/[22m[36massets/chevron-left-UPn-W5xW.js                    [39m[1m[2m  0.31 kB[22m[1m[22m[2m │ gzip:   0.26 kB[22m
[2mpublic/build/[22m[36massets/chevron-right-DmFFDtzr.js                   [39m[1m[2m  0.31 kB[22m[1m[22m[2m │ gzip:   0.25 kB[22m
[2mpublic/build/[22m[36massets/loader-circle-ZcmeghCo.js                   [39m[1m[2m  0.33 kB[22m[1m[22m[2m │ gzip:   0.27 kB[22m
[2mpublic/build/[22m[36massets/plus-DrulhHRl.js                            [39m[1m[2m  0.34 kB[22m[1m[22m[2m │ gzip:   0.26 kB[22m
[2mpublic/build/[22m[36massets/x-CZFGzrT8.js                               [39m[1m[2m  0.34 kB[22m[1m[22m[2m │ gzip:   0.26 kB[22m
[2mpublic/build/[22m[36massets/filter-BxjKTC5T.js                          [39m[1m[2m  0.35 kB[22m[1m[22m[2m │ gzip:   0.27 kB[22m
[2mpublic/build/[22m[36massets/arrow-right-D7EJ8PNn.js                     [39m[1m[2m  0.35 kB[22m[1m[22m[2m │ gzip:   0.27 kB[22m
[2mpublic/build/[22m[36massets/search-DVZXHgxK.js                          [39m[1m[2m  0.35 kB[22m[1m[22m[2m │ gzip:   0.28 kB[22m
[2mpublic/build/[22m[36massets/circle-check-Carwt96G.js                    [39m[1m[2m  0.36 kB[22m[1m[22m[2m │ gzip:   0.28 kB[22m
[2mpublic/build/[22m[36massets/clock-Cz4OGhd3.js                           [39m[1m[2m  0.36 kB[22m[1m[22m[2m │ gzip:   0.28 kB[22m
[2mpublic/build/[22m[36massets/circle-check-big-8JcJZYRS.js                [39m[1m[2m  0.37 kB[22m[1m[22m[2m │ gzip:   0.29 kB[22m
[2mpublic/build/[22m[36massets/user-CpL4m_pG.js                            [39m[1m[2m  0.38 kB[22m[1m[22m[2m │ gzip:   0.29 kB[22m
[2mpublic/build/[22m[36massets/info-BcN2PBo1.js                            [39m[1m[2m  0.38 kB[22m[1m[22m[2m │ gzip:   0.29 kB[22m
[2mpublic/build/[22m[36massets/circle-x-Dsgsgfe1.js                        [39m[1m[2m  0.39 kB[22m[1m[22m[2m │ gzip:   0.29 kB[22m
[2mpublic/build/[22m[36massets/lock-hmYAfEbz.js                            [39m[1m[2m  0.39 kB[22m[1m[22m[2m │ gzip:   0.30 kB[22m
[2mpublic/build/[22m[36massets/trending-up-27XY33Wz.js                     [39m[1m[2m  0.39 kB[22m[1m[22m[2m │ gzip:   0.29 kB[22m
[2mpublic/build/[22m[36massets/credit-card-Di7Ugx_G.js                     [39m[1m[2m  0.39 kB[22m[1m[22m[2m │ gzip:   0.30 kB[22m
[2mpublic/build/[22m[36massets/trending-down-DBaOnUAu.js                   [39m[1m[2m  0.39 kB[22m[1m[22m[2m │ gzip:   0.29 kB[22m
[2mpublic/build/[22m[36massets/Can-9FqZIu4_.js                             [39m[1m[2m  0.39 kB[22m[1m[22m[2m │ gzip:   0.29 kB[22m
[2mpublic/build/[22m[36massets/mail-2aJ8d8xW.js                            [39m[1m[2m  0.39 kB[22m[1m[22m[2m │ gzip:   0.31 kB[22m
[2mpublic/build/[22m[36massets/text-link-C85rKTAJ.js                       [39m[1m[2m  0.40 kB[22m[1m[22m[2m │ gzip:   0.27 kB[22m
[2mpublic/build/[22m[36massets/ProformaEstadoBadge-Dj1-tWmv.js             [39m[1m[2m  0.40 kB[22m[1m[22m[2m │ gzip:   0.28 kB[22m
[2mpublic/build/[22m[36massets/dollar-sign-BeUs-1o9.js                     [39m[1m[2m  0.40 kB[22m[1m[22m[2m │ gzip:   0.30 kB[22m
[2mpublic/build/[22m[36massets/copy-w8rffp9o.js                            [39m[1m[2m  0.42 kB[22m[1m[22m[2m │ gzip:   0.32 kB[22m
[2mpublic/build/[22m[36massets/activity-jZWCrU7O.js                        [39m[1m[2m  0.42 kB[22m[1m[22m[2m │ gzip:   0.31 kB[22m
[2mpublic/build/[22m[36massets/pen-CgScy9ep.js                             [39m[1m[2m  0.42 kB[22m[1m[22m[2m │ gzip:   0.31 kB[22m
[2mpublic/build/[22m[36massets/database-BN1ot8nQ.js                        [39m[1m[2m  0.43 kB[22m[1m[22m[2m │ gzip:   0.31 kB[22m
[2mpublic/build/[22m[36massets/camera-Cekk8ITO.js                          [39m[1m[2m  0.43 kB[22m[1m[22m[2m │ gzip:   0.32 kB[22m
[2mpublic/build/[22m[36massets/circle-alert-CdFq5Chb.js                    [39m[1m[2m  0.43 kB[22m[1m[22m[2m │ gzip:   0.30 kB[22m
[2mpublic/build/[22m[36massets/chart-column-BQCJe--V.js                    [39m[1m[2m  0.43 kB[22m[1m[22m[2m │ gzip:   0.30 kB[22m
[2mpublic/build/[22m[36massets/eye-qG5BXICX.js                             [39m[1m[2m  0.44 kB[22m[1m[22m[2m │ gzip:   0.31 kB[22m
[2mpublic/build/[22m[36massets/map-pin-BVJh3LW7.js                         [39m[1m[2m  0.44 kB[22m[1m[22m[2m │ gzip:   0.33 kB[22m
[2mpublic/build/[22m[36massets/archive-CFo5nJOh.js                         [39m[1m[2m  0.44 kB[22m[1m[22m[2m │ gzip:   0.32 kB[22m
[2mpublic/build/[22m[36massets/calendar-BivTlx2p.js                        [39m[1m[2m  0.44 kB[22m[1m[22m[2m │ gzip:   0.31 kB[22m
[2mpublic/build/[22m[36massets/upload-mNyjPY4U.js                          [39m[1m[2m  0.44 kB[22m[1m[22m[2m │ gzip:   0.33 kB[22m
[2mpublic/build/[22m[36massets/download-DQq671GS.js                        [39m[1m[2m  0.45 kB[22m[1m[22m[2m │ gzip:   0.33 kB[22m
[2mpublic/build/[22m[36massets/zap-s7ub98of.js                             [39m[1m[2m  0.45 kB[22m[1m[22m[2m │ gzip:   0.32 kB[22m
[2mpublic/build/[22m[36massets/triangle-alert-DOiVxonB.js                  [39m[1m[2m  0.45 kB[22m[1m[22m[2m │ gzip:   0.32 kB[22m
[2mpublic/build/[22m[36massets/barcode-BGT5g4QQ.js                         [39m[1m[2m  0.45 kB[22m[1m[22m[2m │ gzip:   0.29 kB[22m
[2mpublic/build/[22m[36massets/shield-CvCMeUlG.js                          [39m[1m[2m  0.45 kB[22m[1m[22m[2m │ gzip:   0.34 kB[22m
[2mpublic/build/[22m[36massets/image-BSuJKFis.js                           [39m[1m[2m  0.45 kB[22m[1m[22m[2m │ gzip:   0.33 kB[22m
[2mpublic/build/[22m[36massets/pencil-NimNFkpg.js                          [39m[1m[2m  0.46 kB[22m[1m[22m[2m │ gzip:   0.34 kB[22m
[2mpublic/build/[22m[36massets/package-2-B0IHcmLV.js                       [39m[1m[2m  0.46 kB[22m[1m[22m[2m │ gzip:   0.33 kB[22m
[2mpublic/build/[22m[36massets/lightbulb-CuDP4Aoz.js                       [39m[1m[2m  0.47 kB[22m[1m[22m[2m │ gzip:   0.33 kB[22m
[2mpublic/build/[22m[36massets/shopping-cart-CBm1BvNP.js                   [39m[1m[2m  0.47 kB[22m[1m[22m[2m │ gzip:   0.34 kB[22m
[2mpublic/build/[22m[36massets/house-NdmJpWtl.js                           [39m[1m[2m  0.47 kB[22m[1m[22m[2m │ gzip:   0.33 kB[22m
[2mpublic/build/[22m[36massets/list-WmEXU2vg.js                            [39m[1m[2m  0.49 kB[22m[1m[22m[2m │ gzip:   0.30 kB[22m
[2mpublic/build/[22m[36massets/marcas.service-7G0QfYxn.js                  [39m[1m[2m  0.50 kB[22m[1m[22m[2m │ gzip:   0.25 kB[22m
[2mpublic/build/[22m[36massets/square-pen-CM1d1NBu.js                      [39m[1m[2m  0.50 kB[22m[1m[22m[2m │ gzip:   0.35 kB[22m
[2mpublic/build/[22m[36massets/printer-C2S9eWl9.js                         [39m[1m[2m  0.50 kB[22m[1m[22m[2m │ gzip:   0.35 kB[22m
[2mpublic/build/[22m[36massets/refresh-cw-BHbzqvMN.js                      [39m[1m[2m  0.50 kB[22m[1m[22m[2m │ gzip:   0.33 kB[22m
[2mpublic/build/[22m[36massets/save-CseaQdNv.js                            [39m[1m[2m  0.51 kB[22m[1m[22m[2m │ gzip:   0.34 kB[22m
[2mpublic/build/[22m[36massets/file-text-B3qHP2DQ.js                       [39m[1m[2m  0.52 kB[22m[1m[22m[2m │ gzip:   0.33 kB[22m
[2mpublic/build/[22m[36massets/vehiculos.service-Cj_cfGDM.js               [39m[1m[2m  0.52 kB[22m[1m[22m[2m │ gzip:   0.25 kB[22m
[2mpublic/build/[22m[36massets/PageHeader-2D-u4bhF.js                      [39m[1m[2m  0.52 kB[22m[1m[22m[2m │ gzip:   0.30 kB[22m
[2mpublic/build/[22m[36massets/tipos-pago.service-B5hMPxzo.js              [39m[1m[2m  0.52 kB[22m[1m[22m[2m │ gzip:   0.25 kB[22m
[2mpublic/build/[22m[36massets/textarea-BLHyZ7PH.js                        [39m[1m[2m  0.52 kB[22m[1m[22m[2m │ gzip:   0.34 kB[22m
[2mpublic/build/[22m[36massets/trash-2-CebDaomZ.js                         [39m[1m[2m  0.54 kB[22m[1m[22m[2m │ gzip:   0.36 kB[22m
[2mpublic/build/[22m[36massets/package-CxsYsqMh.js                         [39m[1m[2m  0.56 kB[22m[1m[22m[2m │ gzip:   0.37 kB[22m
[2mpublic/build/[22m[36massets/use-estados-proformas-CJKxHDSo.js           [39m[1m[2m  0.56 kB[22m[1m[22m[2m │ gzip:   0.38 kB[22m
[2mpublic/build/[22m[36massets/truck-Bo1XXySX.js                           [39m[1m[2m  0.59 kB[22m[1m[22m[2m │ gzip:   0.38 kB[22m
[2mpublic/build/[22m[36massets/loader-C7SY4No9.js                          [39m[1m[2m  0.60 kB[22m[1m[22m[2m │ gzip:   0.35 kB[22m
[2mpublic/build/[22m[36massets/layers-B85xcVuG.js                          [39m[1m[2m  0.61 kB[22m[1m[22m[2m │ gzip:   0.35 kB[22m
[2mpublic/build/[22m[36massets/eye-off-Db4vQ27W.js                         [39m[1m[2m  0.61 kB[22m[1m[22m[2m │ gzip:   0.39 kB[22m
[2mpublic/build/[22m[36massets/EstadoBadge-HSGO9O7A.js                     [39m[1m[2m  0.62 kB[22m[1m[22m[2m │ gzip:   0.34 kB[22m
[2mpublic/build/[22m[36massets/building-2-VRUiIosu.js                      [39m[1m[2m  0.62 kB[22m[1m[22m[2m │ gzip:   0.36 kB[22m
[2mpublic/build/[22m[36massets/label-D4vvdzAq.js                           [39m[1m[2m  0.63 kB[22m[1m[22m[2m │ gzip:   0.41 kB[22m
[2mpublic/build/[22m[36massets/trophy-BWd7rDrz.js                          [39m[1m[2m  0.65 kB[22m[1m[22m[2m │ gzip:   0.40 kB[22m
[2mpublic/build/[22m[36massets/almacenes.service-CRafe7wQ.js               [39m[1m[2m  0.65 kB[22m[1m[22m[2m │ gzip:   0.33 kB[22m
[2mpublic/build/[22m[36massets/unidades.service-BIsreUrX.js                [39m[1m[2m  0.67 kB[22m[1m[22m[2m │ gzip:   0.33 kB[22m
[2mpublic/build/[22m[36massets/categorias.service-IXbXi7dm.js              [39m[1m[2m  0.68 kB[22m[1m[22m[2m │ gzip:   0.30 kB[22m
[2mpublic/build/[22m[36massets/tipos-pago.config-BQQBEfcF.js               [39m[1m[2m  0.68 kB[22m[1m[22m[2m │ gzip:   0.35 kB[22m
[2mpublic/build/[22m[36massets/use-estados-CnQUHYUO.js                     [39m[1m[2m  0.69 kB[22m[1m[22m[2m │ gzip:   0.42 kB[22m
[2mpublic/build/[22m[36massets/tipos-precio.service-Ca0ZyV2t.js            [39m[1m[2m  0.76 kB[22m[1m[22m[2m │ gzip:   0.36 kB[22m
[2mpublic/build/[22m[36massets/separator-dfciB46N.js                       [39m[1m[2m  0.78 kB[22m[1m[22m[2m │ gzip:   0.42 kB[22m
[2mpublic/build/[22m[36massets/index-CMWG4mbA.js                           [39m[1m[2m  0.81 kB[22m[1m[22m[2m │ gzip:   0.47 kB[22m
[2mpublic/build/[22m[36massets/weight-Da2OTjGp.js                          [39m[1m[2m  0.82 kB[22m[1m[22m[2m │ gzip:   0.41 kB[22m
[2mpublic/build/[22m[36massets/cajas.utils-B4LsD8DJ.js                     [39m[1m[2m  0.84 kB[22m[1m[22m[2m │ gzip:   0.44 kB[22m
[2mpublic/build/[22m[36massets/compras.utils-BbV0RkWh.js                   [39m[1m[2m  0.86 kB[22m[1m[22m[2m │ gzip:   0.54 kB[22m
[2mpublic/build/[22m[36massets/input-CfeWAiE5.js                           [39m[1m[2m  0.86 kB[22m[1m[22m[2m │ gzip:   0.48 kB[22m
[2mpublic/build/[22m[36massets/localidades.service-DsIKU35p.js             [39m[1m[2m  0.86 kB[22m[1m[22m[2m │ gzip:   0.45 kB[22m
[2mpublic/build/[22m[36massets/card-D7XLl-R9.js                            [39m[1m[2m  0.93 kB[22m[1m[22m[2m │ gzip:   0.35 kB[22m
[2mpublic/build/[22m[36massets/proformas-BB81Xoyh.js                       [39m[1m[2m  0.95 kB[22m[1m[22m[2m │ gzip:   0.47 kB[22m
[2mpublic/build/[22m[36massets/proformas.utils-CJixyO_P.js                 [39m[1m[2m  0.97 kB[22m[1m[22m[2m │ gzip:   0.40 kB[22m
[2mpublic/build/[22m[36massets/proveedores.service-qZ_MYEzh.js             [39m[1m[2m  0.98 kB[22m[1m[22m[2m │ gzip:   0.48 kB[22m
[2mpublic/build/[22m[36massets/satellite-D6E42ASa.js                       [39m[1m[2m  1.01 kB[22m[1m[22m[2m │ gzip:   0.48 kB[22m
[2mpublic/build/[22m[36massets/use-search-select-D_MoZaVV.js               [39m[1m[2m  1.01 kB[22m[1m[22m[2m │ gzip:   0.56 kB[22m
[2mpublic/build/[22m[36massets/file-check-DL6dJSO0.js                      [39m[1m[2m  1.02 kB[22m[1m[22m[2m │ gzip:   0.42 kB[22m
[2mpublic/build/[22m[36massets/empleados.service-Ds45BQc8.js               [39m[1m[2m  1.03 kB[22m[1m[22m[2m │ gzip:   0.57 kB[22m
[2mpublic/build/[22m[36massets/boxes-kt-5FIIi.js                           [39m[1m[2m  1.04 kB[22m[1m[22m[2m │ gzip:   0.51 kB[22m
[2mpublic/build/[22m[36massets/unidades.config-BFzwqwfL.js                 [39m[1m[2m  1.06 kB[22m[1m[22m[2m │ gzip:   0.48 kB[22m
[2mpublic/build/[22m[36massets/marcas.config-B0c3ngz1.js                   [39m[1m[2m  1.06 kB[22m[1m[22m[2m │ gzip:   0.47 kB[22m
[2mpublic/build/[22m[36massets/generic.service-DNR6k4E7.js                 [39m[1m[2m  1.07 kB[22m[1m[22m[2m │ gzip:   0.58 kB[22m
[2mpublic/build/[22m[36massets/reportes-lzEGwjB6.js                        [39m[1m[2m  1.08 kB[22m[1m[22m[2m │ gzip:   0.43 kB[22m
[2mpublic/build/[22m[36massets/file-spreadsheet-CJTegyQm.js                [39m[1m[2m  1.10 kB[22m[1m[22m[2m │ gzip:   0.42 kB[22m
[2mpublic/build/[22m[36massets/categorias.config-Degg8-hH.js               [39m[1m[2m  1.10 kB[22m[1m[22m[2m │ gzip:   0.49 kB[22m
[2mpublic/build/[22m[36massets/permissions.service-D1EgPnac.js             [39m[1m[2m  1.11 kB[22m[1m[22m[2m │ gzip:   0.53 kB[22m
[2mpublic/build/[22m[36massets/alert-BnVv_oJl.js                           [39m[1m[2m  1.11 kB[22m[1m[22m[2m │ gzip:   0.55 kB[22m
[2mpublic/build/[22m[36massets/localidades.config-BuRjE2Qy.js              [39m[1m[2m  1.16 kB[22m[1m[22m[2m │ gzip:   0.49 kB[22m
[2mpublic/build/[22m[36massets/tipoAjusteInventario.service-Bw-YiJuY.js    [39m[1m[2m  1.19 kB[22m[1m[22m[2m │ gzip:   0.49 kB[22m
[2mpublic/build/[22m[36massets/badge-CPm5K7Ir.js                           [39m[1m[2m  1.19 kB[22m[1m[22m[2m │ gzip:   0.59 kB[22m
[2mpublic/build/[22m[36massets/tabs-CS14HIc0.js                            [39m[1m[2m  1.20 kB[22m[1m[22m[2m │ gzip:   0.58 kB[22m
[2mpublic/build/[22m[36massets/split-BolryeES.js                           [39m[1m[2m  1.23 kB[22m[1m[22m[2m │ gzip:   0.54 kB[22m
[2mpublic/build/[22m[36massets/monedas.config-C29jRbGw.js                  [39m[1m[2m  1.23 kB[22m[1m[22m[2m │ gzip:   0.48 kB[22m
[2mpublic/build/[22m[36massets/verify-email-Cq73D6s3.js                    [39m[1m[2m  1.30 kB[22m[1m[22m[2m │ gzip:   0.70 kB[22m
[2mpublic/build/[22m[36massets/vehiculos.config-DlJFkPzk.js                [39m[1m[2m  1.32 kB[22m[1m[22m[2m │ gzip:   0.48 kB[22m
[2mpublic/build/[22m[36massets/tipoAjusteInventario.config-jVbp1CC6.js     [39m[1m[2m  1.33 kB[22m[1m[22m[2m │ gzip:   0.55 kB[22m
[2mpublic/build/[22m[36massets/monedas.service-CU2AWQm7.js                 [39m[1m[2m  1.34 kB[22m[1m[22m[2m │ gzip:   0.68 kB[22m
[2mpublic/build/[22m[36massets/ComboCapacityCell-DFCL51mt.js               [39m[1m[2m  1.34 kB[22m[1m[22m[2m │ gzip:   0.68 kB[22m
[2mpublic/build/[22m[36massets/confirm-password-B4fYCPVP.js                [39m[1m[2m  1.39 kB[22m[1m[22m[2m │ gzip:   0.69 kB[22m
[2mpublic/build/[22m[36massets/roles.service-CHdWKfT-.js                   [39m[1m[2m  1.39 kB[22m[1m[22m[2m │ gzip:   0.63 kB[22m
[2mpublic/build/[22m[36massets/use-entregas-dashboard-stats-BrlM6qmk.js    [39m[1m[2m  1.50 kB[22m[1m[22m[2m │ gzip:   0.81 kB[22m
[2mpublic/build/[22m[36massets/button-BePkFMTe.js                          [39m[1m[2m  1.52 kB[22m[1m[22m[2m │ gzip:   0.70 kB[22m
[2mpublic/build/[22m[36massets/table-C-WkDYon.js                           [39m[1m[2m  1.52 kB[22m[1m[22m[2m │ gzip:   0.54 kB[22m
[2mpublic/build/[22m[36massets/HistorialPrecios-DDfrWFAt.js                [39m[1m[2m  1.56 kB[22m[1m[22m[2m │ gzip:   0.61 kB[22m
[2mpublic/build/[22m[36massets/createLucideIcon-B6nGUw4W.js                [39m[1m[2m  1.59 kB[22m[1m[22m[2m │ gzip:   0.67 kB[22m
[2mpublic/build/[22m[36massets/image.service-DqQj3q3B.js                   [39m[1m[2m  1.61 kB[22m[1m[22m[2m │ gzip:   0.87 kB[22m
[2mpublic/build/[22m[36massets/caja-header-ogyDLCQV.js                     [39m[1m[2m  1.65 kB[22m[1m[22m[2m │ gzip:   0.81 kB[22m
[2mpublic/build/[22m[36massets/forgot-password-B4JNKxsF.js                 [39m[1m[2m  1.68 kB[22m[1m[22m[2m │ gzip:   0.82 kB[22m
[2mpublic/build/[22m[36massets/EntregasUltimos7Dias-BZ7dG4BS.js            [39m[1m[2m  1.72 kB[22m[1m[22m[2m │ gzip:   0.79 kB[22m
[2mpublic/build/[22m[36massets/precio-rango.service-Fr0Rq0TN.js            [39m[1m[2m  1.72 kB[22m[1m[22m[2m │ gzip:   0.62 kB[22m
[2mpublic/build/[22m[36massets/almacenes.config-DaacW3U8.js                [39m[1m[2m  1.75 kB[22m[1m[22m[2m │ gzip:   0.67 kB[22m
[2mpublic/build/[22m[36massets/MovimientosEstadisticasCard-B9nWotaE.js     [39m[1m[2m  1.76 kB[22m[1m[22m[2m │ gzip:   0.64 kB[22m
[2mpublic/build/[22m[36massets/EntregaListFilters-zIgJCeVN.js              [39m[1m[2m  1.79 kB[22m[1m[22m[2m │ gzip:   0.83 kB[22m
[2mpublic/build/[22m[36massets/use-api-search-B6vi5neY.js                  [39m[1m[2m  1.82 kB[22m[1m[22m[2m │ gzip:   0.87 kB[22m
[2mpublic/build/[22m[36massets/EntregasHeader-DGljwlTc.js                  [39m[1m[2m  1.87 kB[22m[1m[22m[2m │ gzip:   0.76 kB[22m
[2mpublic/build/[22m[36massets/AnularVentaModal-hlqkpQEF.js                [39m[1m[2m  1.89 kB[22m[1m[22m[2m │ gzip:   0.92 kB[22m
[2mpublic/build/[22m[36massets/metric-card-Bc35oT2k.js                     [39m[1m[2m  1.89 kB[22m[1m[22m[2m │ gzip:   0.72 kB[22m
[2mpublic/build/[22m[36massets/AnularCompraModal-DtsZ2oXm.js               [39m[1m[2m  1.89 kB[22m[1m[22m[2m │ gzip:   0.92 kB[22m
[2mpublic/build/[22m[36massets/Error-pRfJ7ruA.js                           [39m[1m[2m  1.91 kB[22m[1m[22m[2m │ gzip:   0.86 kB[22m
[2mpublic/build/[22m[36massets/PreciosEstadisticasCard-BPGU0P3w.js         [39m[1m[2m  1.97 kB[22m[1m[22m[2m │ gzip:   0.51 kB[22m
[2mpublic/build/[22m[36massets/reset-password-D0Mriip9.js                  [39m[1m[2m  2.01 kB[22m[1m[22m[2m │ gzip:   0.79 kB[22m
[2mpublic/build/[22m[36massets/reportes.utils-pkCstDYX.js                  [39m[1m[2m  2.02 kB[22m[1m[22m[2m │ gzip:   0.76 kB[22m
[2mpublic/build/[22m[36massets/MovimientosFiltrosCard-F40FDUUG.js          [39m[1m[2m  2.05 kB[22m[1m[22m[2m │ gzip:   0.84 kB[22m
[2mpublic/build/[22m[36massets/permisos.service-i_yr19d6.js                [39m[1m[2m  2.06 kB[22m[1m[22m[2m │ gzip:   0.78 kB[22m
[2mpublic/build/[22m[36massets/FiltrosCard-BGFae8oE.js                     [39m[1m[2m  2.06 kB[22m[1m[22m[2m │ gzip:   0.82 kB[22m
[2mpublic/build/[22m[36massets/PreciosFiltrosCard-3AVd0xhq.js              [39m[1m[2m  2.07 kB[22m[1m[22m[2m │ gzip:   0.82 kB[22m
[2mpublic/build/[22m[36massets/LoadingState-2ztjGWQC.js                    [39m[1m[2m  2.10 kB[22m[1m[22m[2m │ gzip:   0.94 kB[22m
[2mpublic/build/[22m[36massets/modo-importacion-Dwuc_hAy.js                [39m[1m[2m  2.11 kB[22m[1m[22m[2m │ gzip:   1.01 kB[22m
[2mpublic/build/[22m[36massets/BulkEditModal-D8IVqVYX.js                   [39m[1m[2m  2.16 kB[22m[1m[22m[2m │ gzip:   0.93 kB[22m
[2mpublic/build/[22m[36massets/form-validator-CP9hG78U.js                  [39m[1m[2m  2.17 kB[22m[1m[22m[2m │ gzip:   0.93 kB[22m
[2mpublic/build/[22m[36massets/inventario.utils-DsYdtWHC.js                [39m[1m[2m  2.24 kB[22m[1m[22m[2m │ gzip:   0.90 kB[22m
[2mpublic/build/[22m[36massets/extendable.service-DQd0lIGo.js              [39m[1m[2m  2.27 kB[22m[1m[22m[2m │ gzip:   0.89 kB[22m
[2mpublic/build/[22m[36massets/auth-layout-DQWaiodX.js                     [39m[1m[2m  2.33 kB[22m[1m[22m[2m │ gzip:   0.91 kB[22m
[2mpublic/build/[22m[36massets/EstadisticasCard-CCQWHraw.js                [39m[1m[2m  2.34 kB[22m[1m[22m[2m │ gzip:   0.56 kB[22m
[2mpublic/build/[22m[36massets/clientes.service-YtPmAu5G.js                [39m[1m[2m  2.34 kB[22m[1m[22m[2m │ gzip:   1.11 kB[22m
[2mpublic/build/[22m[36massets/productos.service-UFM2t1fl.js               [39m[1m[2m  2.36 kB[22m[1m[22m[2m │ gzip:   0.99 kB[22m
[2mpublic/build/[22m[36massets/FileUploadPreview-Ar6cQman.js               [39m[1m[2m  2.36 kB[22m[1m[22m[2m │ gzip:   1.09 kB[22m
[2mpublic/build/[22m[36massets/dialog-DNd9EW2P.js                          [39m[1m[2m  2.36 kB[22m[1m[22m[2m │ gzip:   0.88 kB[22m
[2mpublic/build/[22m[36massets/collapsible-B5ZtNE-5.js                     [39m[1m[2m  2.36 kB[22m[1m[22m[2m │ gzip:   1.00 kB[22m
[2mpublic/build/[22m[36massets/ProformaAprobacionModal-CVVPSAaB.js         [39m[1m[2m  2.36 kB[22m[1m[22m[2m │ gzip:   0.91 kB[22m
[2mpublic/build/[22m[36massets/StockFiltrosCard-BoaaA73j.js                [39m[1m[2m  2.37 kB[22m[1m[22m[2m │ gzip:   0.87 kB[22m
[2mpublic/build/[22m[36massets/PreciosTable-Bj88WSPF.js                    [39m[1m[2m  2.39 kB[22m[1m[22m[2m │ gzip:   1.02 kB[22m
[2mpublic/build/[22m[36massets/StockEstadisticasCard-D9QlFeEQ.js           [39m[1m[2m  2.45 kB[22m[1m[22m[2m │ gzip:   0.69 kB[22m
[2mpublic/build/[22m[36massets/ProformaRechazoModal-B0G4aETg.js            [39m[1m[2m  2.47 kB[22m[1m[22m[2m │ gzip:   1.06 kB[22m
[2mpublic/build/[22m[36massets/index-BuY_Nnob.js                           [39m[1m[2m  2.48 kB[22m[1m[22m[2m │ gzip:   1.17 kB[22m
[2mpublic/build/[22m[36massets/register-Bc4DG24w.js                        [39m[1m[2m  2.49 kB[22m[1m[22m[2m │ gzip:   0.98 kB[22m
[2mpublic/build/[22m[36massets/StockTable-CzdbUuuq.js                      [39m[1m[2m  2.56 kB[22m[1m[22m[2m │ gzip:   1.12 kB[22m
[2mpublic/build/[22m[36massets/MetricasZonas-B1l7EJZK.js                   [39m[1m[2m  2.60 kB[22m[1m[22m[2m │ gzip:   0.87 kB[22m
[2mpublic/build/[22m[36massets/ReservasFilters-CTfrqan3.js                 [39m[1m[2m  2.65 kB[22m[1m[22m[2m │ gzip:   1.05 kB[22m
[2mpublic/build/[22m[36massets/tipos-documento.service-Da23TSMu.js         [39m[1m[2m  2.66 kB[22m[1m[22m[2m │ gzip:   0.91 kB[22m
[2mpublic/build/[22m[36massets/parseISO-zXoZUgxd.js                        [39m[1m[2m  2.66 kB[22m[1m[22m[2m │ gzip:   1.22 kB[22m
[2mpublic/build/[22m[36massets/generic-pagination-BN01AV1d.js              [39m[1m[2m  2.68 kB[22m[1m[22m[2m │ gzip:   1.22 kB[22m
[2mpublic/build/[22m[36massets/ReservasStats-D9R2Ry1q.js                   [39m[1m[2m  2.68 kB[22m[1m[22m[2m │ gzip:   0.78 kB[22m
[2mpublic/build/[22m[36massets/GananciasTable-hfMR-FKS.js                  [39m[1m[2m  2.68 kB[22m[1m[22m[2m │ gzip:   0.98 kB[22m
[2mpublic/build/[22m[36massets/estado-borrador-DxSQtjd4.js                 [39m[1m[2m  2.77 kB[22m[1m[22m[2m │ gzip:   0.87 kB[22m
[2mpublic/build/[22m[36massets/create-C5ut6Py9.js                          [39m[1m[2m  2.86 kB[22m[1m[22m[2m │ gzip:   1.25 kB[22m
[2mpublic/build/[22m[36massets/historial-tabla-BGrF0ESr.js                 [39m[1m[2m  2.86 kB[22m[1m[22m[2m │ gzip:   0.90 kB[22m
[2mpublic/build/[22m[36massets/edit-my8LkbPv.js                            [39m[1m[2m  2.89 kB[22m[1m[22m[2m │ gzip:   1.27 kB[22m
[2mpublic/build/[22m[36massets/EntregasDashboardView-DJjvYJ4Q.js           [39m[1m[2m  2.89 kB[22m[1m[22m[2m │ gzip:   1.30 kB[22m
[2mpublic/build/[22m[36massets/index-DCNBIQSe.js                           [39m[1m[2m  2.93 kB[22m[1m[22m[2m │ gzip:   0.58 kB[22m
[2mpublic/build/[22m[36massets/modulos.service-Ct3sQcxz.js                 [39m[1m[2m  2.94 kB[22m[1m[22m[2m │ gzip:   1.08 kB[22m
[2mpublic/build/[22m[36massets/EntregasRecientes-DsPEIgjY.js               [39m[1m[2m  2.96 kB[22m[1m[22m[2m │ gzip:   1.21 kB[22m
[2mpublic/build/[22m[36massets/TopChoferes-DaP3iUbk.js                     [39m[1m[2m  3.02 kB[22m[1m[22m[2m │ gzip:   1.08 kB[22m
[2mpublic/build/[22m[36massets/create-Dq8YwQb-.js                          [39m[1m[2m  3.03 kB[22m[1m[22m[2m │ gzip:   1.32 kB[22m
[2mpublic/build/[22m[36massets/EntregasPorEstado-BidScfyT.js               [39m[1m[2m  3.04 kB[22m[1m[22m[2m │ gzip:   1.49 kB[22m
[2mpublic/build/[22m[36massets/edit-CN4I52zq.js                            [39m[1m[2m  3.08 kB[22m[1m[22m[2m │ gzip:   1.34 kB[22m
[2mpublic/build/[22m[36massets/use-buscar-productos-DC68YKVC.js            [39m[1m[2m  3.13 kB[22m[1m[22m[2m │ gzip:   1.49 kB[22m
[2mpublic/build/[22m[36massets/form-C0mebzD8.js                            [39m[1m[2m  3.17 kB[22m[1m[22m[2m │ gzip:   1.44 kB[22m
[2mpublic/build/[22m[36massets/form-CaLvEozR.js                            [39m[1m[2m  3.18 kB[22m[1m[22m[2m │ gzip:   1.44 kB[22m
[2mpublic/build/[22m[36massets/form-C6_hmHBb.js                            [39m[1m[2m  3.18 kB[22m[1m[22m[2m │ gzip:   1.44 kB[22m
[2mpublic/build/[22m[36massets/form-BhYERyUO.js                            [39m[1m[2m  3.18 kB[22m[1m[22m[2m │ gzip:   1.45 kB[22m
[2mpublic/build/[22m[36massets/inventory.config-CR_1JLpy.js                [39m[1m[2m  3.19 kB[22m[1m[22m[2m │ gzip:   0.81 kB[22m
[2mpublic/build/[22m[36massets/form-CH66WpA5.js                            [39m[1m[2m  3.19 kB[22m[1m[22m[2m │ gzip:   1.45 kB[22m
[2mpublic/build/[22m[36massets/index-CbGPRct9.js                           [39m[1m[2m  3.23 kB[22m[1m[22m[2m │ gzip:   1.44 kB[22m
[2mpublic/build/[22m[36massets/form-DETaZy8n.js                            [39m[1m[2m  3.24 kB[22m[1m[22m[2m │ gzip:   1.47 kB[22m
[2mpublic/build/[22m[36massets/index-pLd6TLRq.js                           [39m[1m[2m  3.24 kB[22m[1m[22m[2m │ gzip:   1.46 kB[22m
[2mpublic/build/[22m[36massets/form-DJaSpLSw.js                            [39m[1m[2m  3.25 kB[22m[1m[22m[2m │ gzip:   1.50 kB[22m
[2mpublic/build/[22m[36massets/producto-row-expandible-CV_s9KIg.js         [39m[1m[2m  3.26 kB[22m[1m[22m[2m │ gzip:   1.24 kB[22m
[2mpublic/build/[22m[36massets/form-CRHEVL9U.js                            [39m[1m[2m  3.26 kB[22m[1m[22m[2m │ gzip:   1.47 kB[22m
[2mpublic/build/[22m[36massets/index-By5HKIhz.js                           [39m[1m[2m  3.27 kB[22m[1m[22m[2m │ gzip:   1.45 kB[22m
[2mpublic/build/[22m[36massets/index-C-sgieYM.js                           [39m[1m[2m  3.27 kB[22m[1m[22m[2m │ gzip:   1.45 kB[22m
[2mpublic/build/[22m[36massets/index-JYIHXF2p.js                           [39m[1m[2m  3.28 kB[22m[1m[22m[2m │ gzip:   1.45 kB[22m
[2mpublic/build/[22m[36massets/index-D1IhJb40.js                           [39m[1m[2m  3.28 kB[22m[1m[22m[2m │ gzip:   1.46 kB[22m
[2mpublic/build/[22m[36massets/index-DrYpxca6.js                           [39m[1m[2m  3.29 kB[22m[1m[22m[2m │ gzip:   1.46 kB[22m
[2mpublic/build/[22m[36massets/index-Du8XbASQ.js                           [39m[1m[2m  3.29 kB[22m[1m[22m[2m │ gzip:   1.46 kB[22m
[2mpublic/build/[22m[36massets/index-BWXWPZU6.js                           [39m[1m[2m  3.29 kB[22m[1m[22m[2m │ gzip:   1.46 kB[22m
[2mpublic/build/[22m[36massets/index-C95QCNX7.js                           [39m[1m[2m  3.29 kB[22m[1m[22m[2m │ gzip:   1.45 kB[22m
[2mpublic/build/[22m[36massets/index-DXLIv3-Q.js                           [39m[1m[2m  3.29 kB[22m[1m[22m[2m │ gzip:   1.46 kB[22m
[2mpublic/build/[22m[36massets/index-m_1g3GiY.js                           [39m[1m[2m  3.30 kB[22m[1m[22m[2m │ gzip:   1.46 kB[22m
[2mpublic/build/[22m[36massets/form-9ErOJtaQ.js                            [39m[1m[2m  3.32 kB[22m[1m[22m[2m │ gzip:   1.53 kB[22m
[2mpublic/build/[22m[36massets/MovimientosTable-DdB_DaIm.js                [39m[1m[2m  3.34 kB[22m[1m[22m[2m │ gzip:   1.25 kB[22m
[2mpublic/build/[22m[36massets/index-C9ZpKotu.js                           [39m[1m[2m  3.35 kB[22m[1m[22m[2m │ gzip:   1.51 kB[22m
[2mpublic/build/[22m[36massets/index-CSh9qGvI.js                           [39m[1m[2m  3.36 kB[22m[1m[22m[2m │ gzip:   1.48 kB[22m
[2mpublic/build/[22m[36massets/modal-revertir-CisDombN.js                  [39m[1m[2m  3.37 kB[22m[1m[22m[2m │ gzip:   1.18 kB[22m
[2mpublic/build/[22m[36massets/DashboardEntregasStats-BumLDn7w.js          [39m[1m[2m  3.38 kB[22m[1m[22m[2m │ gzip:   1.58 kB[22m
[2mpublic/build/[22m[36massets/use-websocket-U-Yk2_as.js                   [39m[1m[2m  3.39 kB[22m[1m[22m[2m │ gzip:   1.40 kB[22m
[2mpublic/build/[22m[36massets/index-CAZvk8vN.js                           [39m[1m[2m  3.42 kB[22m[1m[22m[2m │ gzip:   1.51 kB[22m
[2mpublic/build/[22m[36massets/PermisosCheckboxForm-6j_ViO6e.js            [39m[1m[2m  3.43 kB[22m[1m[22m[2m │ gzip:   1.27 kB[22m
[2mpublic/build/[22m[36massets/select-r96BpsNq.js                          [39m[1m[2m  3.44 kB[22m[1m[22m[2m │ gzip:   1.21 kB[22m
[2mpublic/build/[22m[36massets/form-zcDSve1Q.js                            [39m[1m[2m  3.45 kB[22m[1m[22m[2m │ gzip:   1.56 kB[22m
[2mpublic/build/[22m[36massets/productos-table-seleccionable-B7foRjGi.js   [39m[1m[2m  3.51 kB[22m[1m[22m[2m │ gzip:   1.21 kB[22m
[2mpublic/build/[22m[36massets/estados-centralizados-CsJqQ1lR.js           [39m[1m[2m  3.52 kB[22m[1m[22m[2m │ gzip:   0.80 kB[22m
[2mpublic/build/[22m[36massets/form-EfYTb8VO.js                            [39m[1m[2m  3.54 kB[22m[1m[22m[2m │ gzip:   1.66 kB[22m
[2mpublic/build/[22m[36massets/CancelarEntregaModal-B_lvf5hs.js            [39m[1m[2m  3.56 kB[22m[1m[22m[2m │ gzip:   1.68 kB[22m
[2mpublic/build/[22m[36massets/index-CB1Cw0aa.js                           [39m[1m[2m  3.65 kB[22m[1m[22m[2m │ gzip:   1.62 kB[22m
[2mpublic/build/[22m[36massets/empresas.service-CQFc40bi.js                [39m[1m[2m  3.77 kB[22m[1m[22m[2m │ gzip:   1.17 kB[22m
[2mpublic/build/[22m[36massets/form-7aEocNlB.js                            [39m[1m[2m  3.77 kB[22m[1m[22m[2m │ gzip:   1.68 kB[22m
[2mpublic/build/[22m[36massets/create-D1WEXUt6.js                          [39m[1m[2m  3.77 kB[22m[1m[22m[2m │ gzip:   1.70 kB[22m
[2mpublic/build/[22m[36massets/modal-crear-cliente-B4T8pCTp.js             [39m[1m[2m  3.80 kB[22m[1m[22m[2m │ gzip:   1.66 kB[22m
[2mpublic/build/[22m[36massets/Step3Almacenes-Vw-bTcfS.js                  [39m[1m[2m  3.80 kB[22m[1m[22m[2m │ gzip:   1.45 kB[22m
[2mpublic/build/[22m[36massets/appearance-w1WeQdvm.js                      [39m[1m[2m  3.80 kB[22m[1m[22m[2m │ gzip:   1.74 kB[22m
[2mpublic/build/[22m[36massets/form-DyzNE2Az.js                            [39m[1m[2m  3.87 kB[22m[1m[22m[2m │ gzip:   1.76 kB[22m
[2mpublic/build/[22m[36massets/PermisosCeldaEditor-CoXgGwsF.js             [39m[1m[2m  4.04 kB[22m[1m[22m[2m │ gzip:   1.54 kB[22m
[2mpublic/build/[22m[36massets/checkbox-CzvmshZT.js                        [39m[1m[2m  4.05 kB[22m[1m[22m[2m │ gzip:   1.77 kB[22m
[2mpublic/build/[22m[36massets/producto-encontrado-modal-BR8gLLOO.js       [39m[1m[2m  4.10 kB[22m[1m[22m[2m │ gzip:   1.38 kB[22m
[2mpublic/build/[22m[36massets/scanner-codigo-barras-CiQaJphx.js           [39m[1m[2m  4.18 kB[22m[1m[22m[2m │ gzip:   1.77 kB[22m
[2mpublic/build/[22m[36massets/ProformaConvertirModal-BnVlGI2C.js          [39m[1m[2m  4.21 kB[22m[1m[22m[2m │ gzip:   1.52 kB[22m
[2mpublic/build/[22m[36massets/DashboardStats-Bnp4reki.js                  [39m[1m[2m  4.24 kB[22m[1m[22m[2m │ gzip:   1.28 kB[22m
[2mpublic/build/[22m[36massets/index-DcbAhTvP.js                           [39m[1m[2m  4.27 kB[22m[1m[22m[2m │ gzip:   1.90 kB[22m
[2mpublic/build/[22m[36massets/rol-DK6bqTcw.js                             [39m[1m[2m  4.37 kB[22m[1m[22m[2m │ gzip:   1.90 kB[22m
[2mpublic/build/[22m[36massets/HistorialTab-eSxDrJpQ.js                    [39m[1m[2m  4.42 kB[22m[1m[22m[2m │ gzip:   1.06 kB[22m
[2mpublic/build/[22m[36massets/form-Ia1Ab64K.js                            [39m[1m[2m  4.42 kB[22m[1m[22m[2m │ gzip:   1.97 kB[22m
[2mpublic/build/[22m[36massets/stock-actual-BYmTQCTP.js                    [39m[1m[2m  4.47 kB[22m[1m[22m[2m │ gzip:   1.97 kB[22m
[2mpublic/build/[22m[36massets/movimientos-9Ox6ivn7.js                     [39m[1m[2m  4.50 kB[22m[1m[22m[2m │ gzip:   1.96 kB[22m
[2mpublic/build/[22m[36massets/ModulosBulkEditModal-BkePXj4D.js            [39m[1m[2m  4.51 kB[22m[1m[22m[2m │ gzip:   1.59 kB[22m
[2mpublic/build/[22m[36massets/ProformasDashboardStats-BNKx9ots.js         [39m[1m[2m  4.52 kB[22m[1m[22m[2m │ gzip:   1.22 kB[22m
[2mpublic/build/[22m[36massets/generic-form-container-CUY7-gXk.js          [39m[1m[2m  4.55 kB[22m[1m[22m[2m │ gzip:   1.84 kB[22m
[2mpublic/build/[22m[36massets/use-entrega-batch-DaOZ2c7f.js               [39m[1m[2m  4.60 kB[22m[1m[22m[2m │ gzip:   1.61 kB[22m
[2mpublic/build/[22m[36massets/cargar-productos-modal-Di41orm_.js          [39m[1m[2m  4.71 kB[22m[1m[22m[2m │ gzip:   1.89 kB[22m
[2mpublic/build/[22m[36massets/progreso-DiFBc6oI.js                        [39m[1m[2m  4.75 kB[22m[1m[22m[2m │ gzip:   1.27 kB[22m
[2mpublic/build/[22m[36massets/entregas.utils-Cqx719x1.js                  [39m[1m[2m  4.77 kB[22m[1m[22m[2m │ gzip:   1.27 kB[22m
[2mpublic/build/[22m[36massets/WizardStep1Venta-PzubOgV4.js                [39m[1m[2m  4.80 kB[22m[1m[22m[2m │ gzip:   1.65 kB[22m
[2mpublic/build/[22m[36massets/layout-Dz1YxVkn.js                          [39m[1m[2m  4.82 kB[22m[1m[22m[2m │ gzip:   1.45 kB[22m
[2mpublic/build/[22m[36massets/password-C5s7BOzO.js                        [39m[1m[2m  4.86 kB[22m[1m[22m[2m │ gzip:   1.94 kB[22m
[2mpublic/build/[22m[36massets/modo-manual-DkEgk2qL.js                     [39m[1m[2m  4.87 kB[22m[1m[22m[2m │ gzip:   1.78 kB[22m
[2mpublic/build/[22m[36massets/alert-dialog-DDyVEsrr.js                    [39m[1m[2m  4.90 kB[22m[1m[22m[2m │ gzip:   1.80 kB[22m
[2mpublic/build/[22m[36massets/dashboard-I4zHpTgh.js                       [39m[1m[2m  4.92 kB[22m[1m[22m[2m │ gzip:   1.88 kB[22m
[2mpublic/build/[22m[36massets/dashboard-Cf43VGci.js                       [39m[1m[2m  4.95 kB[22m[1m[22m[2m │ gzip:   1.88 kB[22m
[2mpublic/build/[22m[36massets/ProductoCombos-BfjIpeSR.js                  [39m[1m[2m  4.99 kB[22m[1m[22m[2m │ gzip:   1.68 kB[22m
[2mpublic/build/[22m[36massets/seguimiento-DS4Ctm9F.js                     [39m[1m[2m  5.00 kB[22m[1m[22m[2m │ gzip:   1.71 kB[22m
[2mpublic/build/[22m[36massets/Index-BS2dzLMl.js                           [39m[1m[2m  5.09 kB[22m[1m[22m[2m │ gzip:   2.30 kB[22m
[2mpublic/build/[22m[36massets/dashboard-BwOG-tsd.js                       [39m[1m[2m  5.10 kB[22m[1m[22m[2m │ gzip:   2.15 kB[22m
[2mpublic/build/[22m[36massets/confirmacion-gM7flwdd.js                    [39m[1m[2m  5.11 kB[22m[1m[22m[2m │ gzip:   1.33 kB[22m
[2mpublic/build/[22m[36massets/search-select-ekWTVIsr.js                   [39m[1m[2m  5.19 kB[22m[1m[22m[2m │ gzip:   2.04 kB[22m
[2mpublic/build/[22m[36massets/login-BNL4938M.js                           [39m[1m[2m  5.20 kB[22m[1m[22m[2m │ gzip:   2.01 kB[22m
[2mpublic/build/[22m[36massets/filtros-productos-panel-ClZgUxuw.js         [39m[1m[2m  5.20 kB[22m[1m[22m[2m │ gzip:   1.17 kB[22m
[2mpublic/build/[22m[36massets/GenerarReporteCargo-DmXdZJ5w.js             [39m[1m[2m  5.26 kB[22m[1m[22m[2m │ gzip:   1.74 kB[22m
[2mpublic/build/[22m[36massets/usuario-DI71T8WB.js                         [39m[1m[2m  5.31 kB[22m[1m[22m[2m │ gzip:   2.18 kB[22m
[2mpublic/build/[22m[36massets/show-BYO2V5ko.js                            [39m[1m[2m  5.36 kB[22m[1m[22m[2m │ gzip:   2.00 kB[22m
[2mpublic/build/[22m[36massets/ComboCapacity-BJGeqvqj.js                   [39m[1m[2m  5.38 kB[22m[1m[22m[2m │ gzip:   1.60 kB[22m
[2mpublic/build/[22m[36massets/credito-C9iMtJD5.js                         [39m[1m[2m  5.39 kB[22m[1m[22m[2m │ gzip:   1.77 kB[22m
[2mpublic/build/[22m[36massets/EntregaFormWizard-jcn7T4sY.js               [39m[1m[2m  5.42 kB[22m[1m[22m[2m │ gzip:   1.92 kB[22m
[2mpublic/build/[22m[36massets/AdvancedPermissionSelector-NC4nSe-3.js      [39m[1m[2m  5.42 kB[22m[1m[22m[2m │ gzip:   2.00 kB[22m
[2mpublic/build/[22m[36massets/use-precio-rango-carrito-BI1WWFdF.js        [39m[1m[2m  5.45 kB[22m[1m[22m[2m │ gzip:   2.12 kB[22m
[2mpublic/build/[22m[36massets/scanner-camara-modal-BMnSSkOp.js            [39m[1m[2m  5.48 kB[22m[1m[22m[2m │ gzip:   2.00 kB[22m
[2mpublic/build/[22m[36massets/MatrizAccesoEditable-B9S4QBOY.js            [39m[1m[2m  5.57 kB[22m[1m[22m[2m │ gzip:   2.13 kB[22m
[2mpublic/build/[22m[36massets/show-DDbx2yVL.js                            [39m[1m[2m  5.65 kB[22m[1m[22m[2m │ gzip:   1.97 kB[22m
[2mpublic/build/[22m[36massets/index-D1GWHQzw.js                           [39m[1m[2m  5.70 kB[22m[1m[22m[2m │ gzip:   2.35 kB[22m
[2mpublic/build/[22m[36massets/create-BQsdFkwK.js                          [39m[1m[2m  5.74 kB[22m[1m[22m[2m │ gzip:   2.39 kB[22m
[2mpublic/build/[22m[36massets/sidebar-preview-BV5bkIsn.js                 [39m[1m[2m  5.79 kB[22m[1m[22m[2m │ gzip:   1.96 kB[22m
[2mpublic/build/[22m[36massets/RolesTab-D8n0Ev6M.js                        [39m[1m[2m  5.95 kB[22m[1m[22m[2m │ gzip:   1.89 kB[22m
[2mpublic/build/[22m[36massets/ReservasTable-CvpvbsA6.js                   [39m[1m[2m  5.97 kB[22m[1m[22m[2m │ gzip:   1.81 kB[22m
[2mpublic/build/[22m[36massets/index-iJrux6YH.js                           [39m[1m[2m  6.02 kB[22m[1m[22m[2m │ gzip:   0.92 kB[22m
[2mpublic/build/[22m[36massets/historial-cargas-DYZJbAwL.js                [39m[1m[2m  6.06 kB[22m[1m[22m[2m │ gzip:   2.48 kB[22m
[2mpublic/build/[22m[36massets/UbicacionMapa-C8A7IciY.js                   [39m[1m[2m  6.06 kB[22m[1m[22m[2m │ gzip:   2.33 kB[22m
[2mpublic/build/[22m[36massets/BatchVehiculoAssignment-Cs6R8KeG.js         [39m[1m[2m  6.07 kB[22m[1m[22m[2m │ gzip:   1.69 kB[22m
[2mpublic/build/[22m[36massets/cargar-todos-productos-view-CrY9qYf_.js     [39m[1m[2m  6.10 kB[22m[1m[22m[2m │ gzip:   2.27 kB[22m
[2mpublic/build/[22m[36massets/index-mqRFxUsz.js                           [39m[1m[2m  6.12 kB[22m[1m[22m[2m │ gzip:   2.43 kB[22m
[2mpublic/build/[22m[36massets/show-DIrhyRDY.js                            [39m[1m[2m  6.13 kB[22m[1m[22m[2m │ gzip:   2.17 kB[22m
[2mpublic/build/[22m[36massets/modo-tabla-DESjpFyU.js                      [39m[1m[2m  6.17 kB[22m[1m[22m[2m │ gzip:   2.04 kB[22m
[2mpublic/build/[22m[36massets/EntregasFilters-bNalhAHO.js                 [39m[1m[2m  6.21 kB[22m[1m[22m[2m │ gzip:   2.00 kB[22m
[2mpublic/build/[22m[36massets/use-proforma-notifications-CalEYQjM.js      [39m[1m[2m  6.24 kB[22m[1m[22m[2m │ gzip:   2.34 kB[22m
[2mpublic/build/[22m[36massets/detalle-carga-BWRJjYyy.js                   [39m[1m[2m  6.28 kB[22m[1m[22m[2m │ gzip:   1.55 kB[22m
[2mpublic/build/[22m[36massets/dashboard-BtAn9Q0w.js                       [39m[1m[2m  6.29 kB[22m[1m[22m[2m │ gzip:   2.60 kB[22m
[2mpublic/build/[22m[36massets/TemplatesTab-1Fr0fsti.js                    [39m[1m[2m  6.35 kB[22m[1m[22m[2m │ gzip:   2.16 kB[22m
[2mpublic/build/[22m[36massets/CompareTab-B2PRtxi6.js                      [39m[1m[2m  6.35 kB[22m[1m[22m[2m │ gzip:   1.80 kB[22m
[2mpublic/build/[22m[36massets/create-BWtcoxsk.js                          [39m[1m[2m  6.37 kB[22m[1m[22m[2m │ gzip:   2.49 kB[22m
[2mpublic/build/[22m[36massets/dashboard-Ck-idJZj.js                       [39m[1m[2m  6.38 kB[22m[1m[22m[2m │ gzip:   2.67 kB[22m
[2mpublic/build/[22m[36massets/UsuariosTab-CQ4slUWZ.js                     [39m[1m[2m  6.49 kB[22m[1m[22m[2m │ gzip:   2.07 kB[22m
[2mpublic/build/[22m[36massets/index-BcZ0q-HX.js                           [39m[1m[2m  6.68 kB[22m[1m[22m[2m │ gzip:   2.68 kB[22m
[2mpublic/build/[22m[36massets/almacen-registro-row-Ddgrpys5.js            [39m[1m[2m  6.74 kB[22m[1m[22m[2m │ gzip:   2.20 kB[22m
[2mpublic/build/[22m[36massets/PermisosTab-CdRx8roE.js                     [39m[1m[2m  6.83 kB[22m[1m[22m[2m │ gzip:   2.28 kB[22m
[2mpublic/build/[22m[36massets/dashboard-D5VdP_US.js                       [39m[1m[2m  6.92 kB[22m[1m[22m[2m │ gzip:   2.88 kB[22m
[2mpublic/build/[22m[36massets/ModulosAnalytics-D-Yt64CY.js                [39m[1m[2m  6.94 kB[22m[1m[22m[2m │ gzip:   1.78 kB[22m
[2mpublic/build/[22m[36massets/edit-DMrrX5Xg.js                            [39m[1m[2m  6.99 kB[22m[1m[22m[2m │ gzip:   2.69 kB[22m
[2mpublic/build/[22m[36massets/CorregirPagoModal-Cz2-K0zE.js               [39m[1m[2m  7.05 kB[22m[1m[22m[2m │ gzip:   2.70 kB[22m
[2mpublic/build/[22m[36massets/matriz-acceso-rol-AxUgCnLy.js               [39m[1m[2m  7.12 kB[22m[1m[22m[2m │ gzip:   2.15 kB[22m
[2mpublic/build/[22m[36massets/CierresPendientes-C5v7fZgx.js               [39m[1m[2m  7.16 kB[22m[1m[22m[2m │ gzip:   1.98 kB[22m
[2mpublic/build/[22m[36massets/index-DfVU5Nu1.js                           [39m[1m[2m  7.36 kB[22m[1m[22m[2m │ gzip:   2.71 kB[22m
[2mpublic/build/[22m[36massets/Index-BfwEHAz7.js                           [39m[1m[2m  7.40 kB[22m[1m[22m[2m │ gzip:   2.41 kB[22m
[2mpublic/build/[22m[36massets/index-Dhrc4YWO.js                           [39m[1m[2m  7.40 kB[22m[1m[22m[2m │ gzip:   2.91 kB[22m
[2mpublic/build/[22m[36massets/react-webcam-C5VgjjBW.js                    [39m[1m[2m  7.44 kB[22m[1m[22m[2m │ gzip:   2.70 kB[22m
[2mpublic/build/[22m[36massets/WizardStep2Recursos-ClSgiUwY.js             [39m[1m[2m  7.49 kB[22m[1m[22m[2m │ gzip:   2.52 kB[22m
[2mpublic/build/[22m[36massets/create-CRH5tPwq.js                          [39m[1m[2m  7.50 kB[22m[1m[22m[2m │ gzip:   2.61 kB[22m
[2mpublic/build/[22m[36massets/productosCSV.service-on0WdYVk.js            [39m[1m[2m  7.59 kB[22m[1m[22m[2m │ gzip:   2.84 kB[22m
[2mpublic/build/[22m[36massets/show-CVRDqhuW.js                            [39m[1m[2m  7.60 kB[22m[1m[22m[2m │ gzip:   2.27 kB[22m
[2mpublic/build/[22m[36massets/HistorialCambios-UcPPiEqL.js                [39m[1m[2m  7.61 kB[22m[1m[22m[2m │ gzip:   2.67 kB[22m
[2mpublic/build/[22m[36massets/ExportadorConfiguracion-8I3Qljqa.js         [39m[1m[2m  7.86 kB[22m[1m[22m[2m │ gzip:   2.54 kB[22m
[2mpublic/build/[22m[36massets/edit-B6SGluO9.js                            [39m[1m[2m  7.93 kB[22m[1m[22m[2m │ gzip:   2.86 kB[22m
[2mpublic/build/[22m[36massets/ProductosAgrupados-B4E6IrBA.js              [39m[1m[2m  7.94 kB[22m[1m[22m[2m │ gzip:   2.15 kB[22m
[2mpublic/build/[22m[36massets/alert-sin-caja-Y1sUaHLv.js                  [39m[1m[2m  8.02 kB[22m[1m[22m[2m │ gzip:   2.73 kB[22m
[2mpublic/build/[22m[36massets/create-batch-CqMckV3t.js                    [39m[1m[2m  8.04 kB[22m[1m[22m[2m │ gzip:   2.89 kB[22m
[2mpublic/build/[22m[36massets/profile-D6cAQC-R.js                         [39m[1m[2m  8.23 kB[22m[1m[22m[2m │ gzip:   3.14 kB[22m
[2mpublic/build/[22m[36massets/Step3Conversiones-Bi8WfBMh.js               [39m[1m[2m  8.43 kB[22m[1m[22m[2m │ gzip:   2.79 kB[22m
[2mpublic/build/[22m[36massets/WizardStep3Confirmar-BCUoL94o.js            [39m[1m[2m  8.45 kB[22m[1m[22m[2m │ gzip:   1.98 kB[22m
[2mpublic/build/[22m[36massets/index-CBcKEcD7.js                           [39m[1m[2m  8.47 kB[22m[1m[22m[2m │ gzip:   3.05 kB[22m
[2mpublic/build/[22m[36massets/empleados.config-BukVJc1-.js                [39m[1m[2m  8.49 kB[22m[1m[22m[2m │ gzip:   2.79 kB[22m
[2mpublic/build/[22m[36massets/index-B9I0tChN.js                           [39m[1m[2m  8.51 kB[22m[1m[22m[2m │ gzip:   3.05 kB[22m
[2mpublic/build/[22m[36massets/ReportesDiariosDetalle-B_rWLRIk.js          [39m[1m[2m  8.51 kB[22m[1m[22m[2m │ gzip:   2.55 kB[22m
[2mpublic/build/[22m[36massets/ResumenPagosEntrega-Cs1AKu9I.js             [39m[1m[2m  8.57 kB[22m[1m[22m[2m │ gzip:   2.37 kB[22m
[2mpublic/build/[22m[36massets/rotacion-Ul72Ntvk.js                        [39m[1m[2m  8.58 kB[22m[1m[22m[2m │ gzip:   2.77 kB[22m
[2mpublic/build/[22m[36massets/ModuloForm-BBOpSAyw.js                      [39m[1m[2m  8.60 kB[22m[1m[22m[2m │ gzip:   2.87 kB[22m
[2mpublic/build/[22m[36massets/modo-importacion-CABnlrlK.js                [39m[1m[2m  8.84 kB[22m[1m[22m[2m │ gzip:   3.49 kB[22m
[2mpublic/build/[22m[36massets/Step4Imagenes-De-yIt58.js                   [39m[1m[2m  8.84 kB[22m[1m[22m[2m │ gzip:   2.55 kB[22m
[2mpublic/build/[22m[36massets/vencimientos-CA-c1HhR.js                    [39m[1m[2m  8.86 kB[22m[1m[22m[2m │ gzip:   2.85 kB[22m
[2mpublic/build/[22m[36massets/asignadas-DetKz33s.js                       [39m[1m[2m  8.94 kB[22m[1m[22m[2m │ gzip:   3.26 kB[22m
[2mpublic/build/[22m[36massets/Index-AGTSglnI.js                           [39m[1m[2m  9.00 kB[22m[1m[22m[2m │ gzip:   3.38 kB[22m
[2mpublic/build/[22m[36massets/merma-lUa5wKmT.js                           [39m[1m[2m  9.13 kB[22m[1m[22m[2m │ gzip:   3.06 kB[22m
[2mpublic/build/[22m[36massets/ConsolidacionAutomaticaModal-CQxye585.js    [39m[1m[2m  9.17 kB[22m[1m[22m[2m │ gzip:   2.56 kB[22m
[2mpublic/build/[22m[36massets/logistica.service-DZSvAKRk.js               [39m[1m[2m  9.28 kB[22m[1m[22m[2m │ gzip:   2.12 kB[22m
[2mpublic/build/[22m[36massets/Show-ZlVehLnG.js                            [39m[1m[2m  9.37 kB[22m[1m[22m[2m │ gzip:   2.65 kB[22m
[2mpublic/build/[22m[36massets/EntregaFlujoCarga-C-6O8N8p.js               [39m[1m[2m  9.53 kB[22m[1m[22m[2m │ gzip:   3.13 kB[22m
[2mpublic/build/[22m[36massets/edit-Dtlkfk1-.js                            [39m[1m[2m  9.63 kB[22m[1m[22m[2m │ gzip:   3.42 kB[22m
[2mpublic/build/[22m[36massets/Detalle-BfVCT-Te.js                         [39m[1m[2m  9.94 kB[22m[1m[22m[2m │ gzip:   2.96 kB[22m
[2mpublic/build/[22m[36massets/show-MtFKo1sT.js                            [39m[1m[2m 10.00 kB[22m[1m[22m[2m │ gzip:   3.36 kB[22m
[2mpublic/build/[22m[36massets/Show-C2YNI9qk.js                            [39m[1m[2m 10.05 kB[22m[1m[22m[2m │ gzip:   2.74 kB[22m
[2mpublic/build/[22m[36massets/duplicados-inactivos-S0zD13wU.js            [39m[1m[2m 10.18 kB[22m[1m[22m[2m │ gzip:   3.11 kB[22m
[2mpublic/build/[22m[36massets/crear-6AAzD19J.js                           [39m[1m[2m 10.24 kB[22m[1m[22m[2m │ gzip:   3.70 kB[22m
[2mpublic/build/[22m[36massets/Index-DbHEpo5u.js                           [39m[1m[2m 10.37 kB[22m[1m[22m[2m │ gzip:   3.11 kB[22m
[2mpublic/build/[22m[36massets/index-DX116_bj.js                           [39m[1m[2m 10.37 kB[22m[1m[22m[2m │ gzip:   3.79 kB[22m
[2mpublic/build/[22m[36massets/period-selector-DQJl6az7.js                 [39m[1m[2m 10.46 kB[22m[1m[22m[2m │ gzip:   2.65 kB[22m
[2mpublic/build/[22m[36massets/resumen-caja-card-pH2TgoHw.js               [39m[1m[2m 10.47 kB[22m[1m[22m[2m │ gzip:   1.90 kB[22m
[2mpublic/build/[22m[36massets/Create-DsVn2CQ-.js                          [39m[1m[2m 10.50 kB[22m[1m[22m[2m │ gzip:   3.48 kB[22m
[2mpublic/build/[22m[36massets/proximos-vencer-CjUtAR6s.js                 [39m[1m[2m 10.70 kB[22m[1m[22m[2m │ gzip:   2.86 kB[22m
[2mpublic/build/[22m[36massets/index-BzOjEKZX.js                           [39m[1m[2m 10.70 kB[22m[1m[22m[2m │ gzip:   3.50 kB[22m
[2mpublic/build/[22m[36massets/stock-bajo-CqfXHdvV.js                      [39m[1m[2m 10.72 kB[22m[1m[22m[2m │ gzip:   2.87 kB[22m
[2mpublic/build/[22m[36massets/Index-WkU-jsZw.js                           [39m[1m[2m 10.73 kB[22m[1m[22m[2m │ gzip:   2.84 kB[22m
[2mpublic/build/[22m[36massets/LibroMayor-ORlw82tP.js                      [39m[1m[2m 10.83 kB[22m[1m[22m[2m │ gzip:   3.12 kB[22m
[2mpublic/build/[22m[36massets/productos-sin-codigo-C7eTbVwG.js            [39m[1m[2m 11.03 kB[22m[1m[22m[2m │ gzip:   3.08 kB[22m
[2mpublic/build/[22m[36massets/caja-estado-card-CDMN3lT0.js                [39m[1m[2m 11.24 kB[22m[1m[22m[2m │ gzip:   2.93 kB[22m
[2mpublic/build/[22m[36massets/show-B7mAdJ6i.js                            [39m[1m[2m 11.31 kB[22m[1m[22m[2m │ gzip:   3.44 kB[22m
[2mpublic/build/[22m[36massets/Reportes-DDTAXLC9.js                        [39m[1m[2m 11.37 kB[22m[1m[22m[2m │ gzip:   3.48 kB[22m
[2mpublic/build/[22m[36massets/ProformaUnifiedModal-CBkMIVI6.js            [39m[1m[2m 11.37 kB[22m[1m[22m[2m │ gzip:   3.24 kB[22m
[2mpublic/build/[22m[36massets/Step5PrecioRango-ZQoYmGVD.js                [39m[1m[2m 11.40 kB[22m[1m[22m[2m │ gzip:   3.57 kB[22m
[2mpublic/build/[22m[36massets/BatchOptimizationResult-BtvO41XX.js         [39m[1m[2m 11.47 kB[22m[1m[22m[2m │ gzip:   2.56 kB[22m
[2mpublic/build/[22m[36massets/Auditoria-BtiK2iR5.js                       [39m[1m[2m 11.49 kB[22m[1m[22m[2m │ gzip:   3.55 kB[22m
[2mpublic/build/[22m[36massets/historial-cambios-DO42u6rV.js               [39m[1m[2m 11.67 kB[22m[1m[22m[2m │ gzip:   3.32 kB[22m
[2mpublic/build/[22m[36massets/VentasEntregaSection-D-6pA7PL.js            [39m[1m[2m 11.73 kB[22m[1m[22m[2m │ gzip:   2.86 kB[22m
[2mpublic/build/[22m[36massets/ModulosTab-D9cbOi3N.js                      [39m[1m[2m 11.73 kB[22m[1m[22m[2m │ gzip:   3.87 kB[22m
[2mpublic/build/[22m[36massets/por-periodo-Uwvv2Z7D.js                     [39m[1m[2m 11.75 kB[22m[1m[22m[2m │ gzip:   2.78 kB[22m
[2mpublic/build/[22m[36massets/por-cliente-producto-297rk1ux.js            [39m[1m[2m 11.79 kB[22m[1m[22m[2m │ gzip:   2.83 kB[22m
[2mpublic/build/[22m[36massets/ver-t8qaUlFZ.js                             [39m[1m[2m 11.84 kB[22m[1m[22m[2m │ gzip:   3.66 kB[22m
[2mpublic/build/[22m[36massets/index-BCW_bYiw.js                           [39m[1m[2m 11.87 kB[22m[1m[22m[2m │ gzip:   4.77 kB[22m
[2mpublic/build/[22m[36massets/BalanceComprobacion-MiBh14Xd.js             [39m[1m[2m 11.87 kB[22m[1m[22m[2m │ gzip:   3.43 kB[22m
[2mpublic/build/[22m[36massets/ReportesDiarios-C4_ZREjR.js                 [39m[1m[2m 11.95 kB[22m[1m[22m[2m │ gzip:   3.27 kB[22m
[2mpublic/build/[22m[36massets/credito-DV4Ecjeg.js                         [39m[1m[2m 12.08 kB[22m[1m[22m[2m │ gzip:   3.52 kB[22m
[2mpublic/build/[22m[36massets/por-vendedor-estado-pago-CGcFFt-S.js        [39m[1m[2m 12.10 kB[22m[1m[22m[2m │ gzip:   2.96 kB[22m
[2mpublic/build/[22m[36massets/ReporteCargoViewer-2vwvUUVv.js              [39m[1m[2m 12.24 kB[22m[1m[22m[2m │ gzip:   3.21 kB[22m
[2mpublic/build/[22m[36massets/form-Dp2TKUo0.js                            [39m[1m[2m 12.29 kB[22m[1m[22m[2m │ gzip:   4.18 kB[22m
[2mpublic/build/[22m[36massets/react-vendor-RGnvvjkK.js                    [39m[1m[2m 12.35 kB[22m[1m[22m[2m │ gzip:   4.38 kB[22m
[2mpublic/build/[22m[36massets/proveedores.config-o6E3ax7i.js              [39m[1m[2m 12.36 kB[22m[1m[22m[2m │ gzip:   4.36 kB[22m
[2mpublic/build/[22m[36massets/RegistrarPagoModal-DsSK9kGE.js              [39m[1m[2m 12.36 kB[22m[1m[22m[2m │ gzip:   3.70 kB[22m
[2mpublic/build/[22m[36massets/format-lJhjp-tF.js                          [39m[1m[2m 12.38 kB[22m[1m[22m[2m │ gzip:   3.31 kB[22m
[2mpublic/build/[22m[36massets/input-search-CCviBlr9.js                    [39m[1m[2m 12.66 kB[22m[1m[22m[2m │ gzip:   3.95 kB[22m
[2mpublic/build/[22m[36massets/BatchVentaSelector-BGJ0dR4X.js              [39m[1m[2m 12.90 kB[22m[1m[22m[2m │ gzip:   3.70 kB[22m
[2mpublic/build/[22m[36massets/create-BvjgQTan.js                          [39m[1m[2m 13.18 kB[22m[1m[22m[2m │ gzip:   3.77 kB[22m
[2mpublic/build/[22m[36massets/visitas-DaVaVMTP.js                         [39m[1m[2m 13.18 kB[22m[1m[22m[2m │ gzip:   3.27 kB[22m
[2mpublic/build/[22m[36massets/editar-BrAQvhTK.js                          [39m[1m[2m 13.23 kB[22m[1m[22m[2m │ gzip:   4.14 kB[22m
[2mpublic/build/[22m[36massets/historial-aperturas-table-BCh_UuM4.js       [39m[1m[2m 13.30 kB[22m[1m[22m[2m │ gzip:   3.21 kB[22m
[2mpublic/build/[22m[36massets/form-DWeDV7Ec.js                            [39m[1m[2m 13.31 kB[22m[1m[22m[2m │ gzip:   4.18 kB[22m
[2mpublic/build/[22m[36massets/OutputSelectionModal-C4gWSuIl.js            [39m[1m[2m 13.54 kB[22m[1m[22m[2m │ gzip:   3.24 kB[22m
[2mpublic/build/[22m[36massets/vencidos-CzIgKIa7.js                        [39m[1m[2m 13.75 kB[22m[1m[22m[2m │ gzip:   3.40 kB[22m
[2mpublic/build/[22m[36massets/Pendientes-hl7xSBR3.js                      [39m[1m[2m 13.85 kB[22m[1m[22m[2m │ gzip:   3.62 kB[22m
[2mpublic/build/[22m[36massets/form-Cwjj0hD4.js                            [39m[1m[2m 13.93 kB[22m[1m[22m[2m │ gzip:   5.25 kB[22m
[2mpublic/build/[22m[36massets/carga-masiva-CTggvkLh.js                    [39m[1m[2m 13.95 kB[22m[1m[22m[2m │ gzip:   5.29 kB[22m
[2mpublic/build/[22m[36massets/Gastos-DLfFhurx.js                          [39m[1m[2m 14.28 kB[22m[1m[22m[2m │ gzip:   4.22 kB[22m
[2mpublic/build/[22m[36massets/transition-C_3EP-N7.js                      [39m[1m[2m 14.43 kB[22m[1m[22m[2m │ gzip:   5.74 kB[22m
[2mpublic/build/[22m[36massets/dashboard-Ca0Ic-rp.js                       [39m[1m[2m 14.75 kB[22m[1m[22m[2m │ gzip:   5.00 kB[22m
[2mpublic/build/[22m[36massets/index-BbUjZqfY.js                           [39m[1m[2m 14.78 kB[22m[1m[22m[2m │ gzip:   4.24 kB[22m
[2mpublic/build/[22m[36massets/SimpleEntregaForm-DBTxKEeb.js               [39m[1m[2m 15.07 kB[22m[1m[22m[2m │ gzip:   4.83 kB[22m
[2mpublic/build/[22m[36massets/inventario-inicial-XPIOifSC.js              [39m[1m[2m 15.16 kB[22m[1m[22m[2m │ gzip:   4.58 kB[22m
[2mpublic/build/[22m[36massets/importar-C-lGERRi.js                        [39m[1m[2m 15.30 kB[22m[1m[22m[2m │ gzip:   4.11 kB[22m
[2mpublic/build/[22m[36massets/proformas-pendientes-C8RHafx2.js            [39m[1m[2m 15.37 kB[22m[1m[22m[2m │ gzip:   4.37 kB[22m
[2mpublic/build/[22m[36massets/crear-B_7YzNeq.js                           [39m[1m[2m 16.08 kB[22m[1m[22m[2m │ gzip:   5.13 kB[22m
[2mpublic/build/[22m[36massets/ConfirmacionesEntregaSection-BPIafFY3.js    [39m[1m[2m 16.33 kB[22m[1m[22m[2m │ gzip:   3.87 kB[22m
[2mpublic/build/[22m[36massets/Show-X2_lHwPd.js                            [39m[1m[2m 16.42 kB[22m[1m[22m[2m │ gzip:   5.22 kB[22m
[2mpublic/build/[22m[36massets/dashboard-CeWl2-2q.js                       [39m[1m[2m 16.43 kB[22m[1m[22m[2m │ gzip:   4.48 kB[22m
[2mpublic/build/[22m[36massets/index-sCN8NUHH.js                           [39m[1m[2m 16.47 kB[22m[1m[22m[2m │ gzip:   3.66 kB[22m
[2mpublic/build/[22m[36massets/Step1DatosProducto-C56j0sRp.js              [39m[1m[2m 16.56 kB[22m[1m[22m[2m │ gzip:   4.80 kB[22m
[2mpublic/build/[22m[36massets/index-BsFd3LZv.js                           [39m[1m[2m 16.61 kB[22m[1m[22m[2m │ gzip:   4.31 kB[22m
[2mpublic/build/[22m[36massets/index-CWNWX71X.js                           [39m[1m[2m 16.66 kB[22m[1m[22m[2m │ gzip:   4.07 kB[22m
[2mpublic/build/[22m[36massets/modal-compras-diferencia-costo-CMsa1SLl.js  [39m[1m[2m 16.80 kB[22m[1m[22m[2m │ gzip:   4.66 kB[22m
[2mpublic/build/[22m[36massets/index-BQDeG6zA.js                           [39m[1m[2m 17.64 kB[22m[1m[22m[2m │ gzip:   5.40 kB[22m
[2mpublic/build/[22m[36massets/index-BBMGvQwr.js                           [39m[1m[2m 17.77 kB[22m[1m[22m[2m │ gzip:   4.59 kB[22m
[2mpublic/build/[22m[36massets/ApprovalPaymentForm-ObXdi70H.js             [39m[1m[2m 18.07 kB[22m[1m[22m[2m │ gzip:   5.34 kB[22m
[2mpublic/build/[22m[36massets/ajuste-tabla-Bqx0GERM.js                    [39m[1m[2m 18.10 kB[22m[1m[22m[2m │ gzip:   5.84 kB[22m
[2mpublic/build/[22m[36massets/index-DJwgDwhy.js                           [39m[1m[2m 18.74 kB[22m[1m[22m[2m │ gzip:   4.58 kB[22m
[2mpublic/build/[22m[36massets/Create-DKl307DW.js                          [39m[1m[2m 19.54 kB[22m[1m[22m[2m │ gzip:   6.41 kB[22m
[2mpublic/build/[22m[36massets/inventario-inicial-avanzado-Bz2aMP-A.js     [39m[1m[2m 20.20 kB[22m[1m[22m[2m │ gzip:   6.08 kB[22m
[2mpublic/build/[22m[36massets/historial-cargas-CiQ5hm8M.js                [39m[1m[2m 20.43 kB[22m[1m[22m[2m │ gzip:   4.38 kB[22m
[2mpublic/build/[22m[36massets/registrar-B-W8Apv-.js                       [39m[1m[2m 20.55 kB[22m[1m[22m[2m │ gzip:   6.10 kB[22m
[2mpublic/build/[22m[36massets/use-generic-form-C-pkP7KH.js                [39m[1m[2m 20.79 kB[22m[1m[22m[2m │ gzip:   6.54 kB[22m
[2mpublic/build/[22m[36massets/import-csv-BmoZgZde.js                      [39m[1m[2m 20.81 kB[22m[1m[22m[2m │ gzip:   6.21 kB[22m
[2mpublic/build/[22m[36massets/ver-BdaVU-AI.js                             [39m[1m[2m 20.90 kB[22m[1m[22m[2m │ gzip:   4.73 kB[22m
[2mpublic/build/[22m[36massets/show-Boy4iifV.js                            [39m[1m[2m 21.29 kB[22m[1m[22m[2m │ gzip:   4.96 kB[22m
[2mpublic/build/[22m[36massets/index-C0pAAoGy.js                           [39m[1m[2m 21.45 kB[22m[1m[22m[2m │ gzip:   5.56 kB[22m
[2mpublic/build/[22m[36massets/EntregasTableView-C0arUJHr.js               [39m[1m[2m 21.61 kB[22m[1m[22m[2m │ gzip:   6.30 kB[22m
[2mpublic/build/[22m[36massets/purify.es-CQJ0hv7W.js                       [39m[1m[2m 21.82 kB[22m[1m[22m[2m │ gzip:   8.58 kB[22m
[2mpublic/build/[22m[36massets/EstadoMermaCrudModal-CJU_uUZH.js            [39m[1m[2m 21.99 kB[22m[1m[22m[2m │ gzip:   4.58 kB[22m
[2mpublic/build/[22m[36massets/image-backup-ZY98EJyr.js                    [39m[1m[2m 22.06 kB[22m[1m[22m[2m │ gzip:   5.83 kB[22m
[2mpublic/build/[22m[36massets/index-DIudAjqb.js                           [39m[1m[2m 22.15 kB[22m[1m[22m[2m │ gzip:   5.85 kB[22m
[2mpublic/build/[22m[36massets/form-h_FANJHU.js                            [39m[1m[2m 22.29 kB[22m[1m[22m[2m │ gzip:   6.23 kB[22m
[2mpublic/build/[22m[36massets/vista-previa-CxbaFwGD.js                    [39m[1m[2m 22.32 kB[22m[1m[22m[2m │ gzip:   4.48 kB[22m
[2mpublic/build/[22m[36massets/Index-CPyIVoV5.js                           [39m[1m[2m 22.91 kB[22m[1m[22m[2m │ gzip:   6.51 kB[22m
[2mpublic/build/[22m[36massets/Step2PreciosCodigos-gSiHxDtG.js             [39m[1m[2m 23.93 kB[22m[1m[22m[2m │ gzip:   7.74 kB[22m
[2mpublic/build/[22m[36massets/utils-DLHXDlA2.js                           [39m[1m[2m 25.04 kB[22m[1m[22m[2m │ gzip:   8.00 kB[22m
[2mpublic/build/[22m[36massets/show-ByHxW2Fp.js                            [39m[1m[2m 26.38 kB[22m[1m[22m[2m │ gzip:   5.87 kB[22m
[2mpublic/build/[22m[36massets/index-BHZgnd9D.js                           [39m[1m[2m 26.80 kB[22m[1m[22m[2m │ gzip:   7.52 kB[22m
[2mpublic/build/[22m[36massets/index-LEBpZQej.js                           [39m[1m[2m 26.89 kB[22m[1m[22m[2m │ gzip:   6.25 kB[22m
[2mpublic/build/[22m[36massets/movimientos-del-dia-table-BxJ41Afn.js       [39m[1m[2m 27.08 kB[22m[1m[22m[2m │ gzip:   6.33 kB[22m
[2mpublic/build/[22m[36massets/ProformasSection-ZLauzYc3.js                [39m[1m[2m 27.26 kB[22m[1m[22m[2m │ gzip:   5.71 kB[22m
[2mpublic/build/[22m[36massets/credito-DToejmC-.js                         [39m[1m[2m 28.35 kB[22m[1m[22m[2m │ gzip:   7.45 kB[22m
[2mpublic/build/[22m[36massets/index-C3BHTEQN.js                           [39m[1m[2m 29.16 kB[22m[1m[22m[2m │ gzip:   7.26 kB[22m
[2mpublic/build/[22m[36massets/Dashboard-MnM_xi5p.js                       [39m[1m[2m 29.83 kB[22m[1m[22m[2m │ gzip:   7.00 kB[22m
[2mpublic/build/[22m[36massets/dialog-GYmD1oHt.js                          [39m[1m[2m 29.93 kB[22m[1m[22m[2m │ gzip:  10.89 kB[22m
[2mpublic/build/[22m[36massets/create-Bzfb7OhN.js                          [39m[1m[2m 30.97 kB[22m[1m[22m[2m │ gzip:   9.31 kB[22m
[2mpublic/build/[22m[36massets/reportes-C9t6RAVd.js                        [39m[1m[2m 31.91 kB[22m[1m[22m[2m │ gzip:   7.64 kB[22m
[2mpublic/build/[22m[36massets/ProductosTable-D9nsFzN_.js                  [39m[1m[2m 32.93 kB[22m[1m[22m[2m │ gzip:   8.80 kB[22m
[2mpublic/build/[22m[36massets/CreateEntregasUnificado--zPojTTU.js         [39m[1m[2m 34.08 kB[22m[1m[22m[2m │ gzip:   9.15 kB[22m
[2mpublic/build/[22m[36massets/en-transito-D50_oWQz.js                     [39m[1m[2m 37.11 kB[22m[1m[22m[2m │ gzip:  10.87 kB[22m
[2mpublic/build/[22m[36massets/ajuste-Dkx2f-3N.js                          [39m[1m[2m 37.15 kB[22m[1m[22m[2m │ gzip:   9.86 kB[22m
[2mpublic/build/[22m[36massets/generic-container-D7mqapG3.js               [39m[1m[2m 37.70 kB[22m[1m[22m[2m │ gzip:   9.70 kB[22m
[2mpublic/build/[22m[36massets/clientes.config-txKDGSqD.js                 [39m[1m[2m 38.24 kB[22m[1m[22m[2m │ gzip:  11.28 kB[22m
[2mpublic/build/[22m[36massets/index-BcYu-lC-.js                           [39m[1m[2m 38.32 kB[22m[1m[22m[2m │ gzip:   9.19 kB[22m
[2mpublic/build/[22m[36massets/movimientos-YfXfbgt6.js                     [39m[1m[2m 43.04 kB[22m[1m[22m[2m │ gzip:   9.84 kB[22m
[2mpublic/build/[22m[36massets/index-Cjh1HfPu.js                           [39m[1m[2m 45.73 kB[22m[1m[22m[2m │ gzip:  11.72 kB[22m
[2mpublic/build/[22m[36massets/Index-CJ7FKBrr.js                           [39m[1m[2m 46.70 kB[22m[1m[22m[2m │ gzip:  11.83 kB[22m
[2mpublic/build/[22m[36massets/create-krGimvgS.js                          [39m[1m[2m 46.93 kB[22m[1m[22m[2m │ gzip:  12.67 kB[22m
[2mpublic/build/[22m[36massets/welcome-DnNEkZt8.js                         [39m[1m[2m 48.27 kB[22m[1m[22m[2m │ gzip:   8.72 kB[22m
[2mpublic/build/[22m[36massets/WebSocketContext-BtBFrAKh.js                [39m[1m[2m 50.17 kB[22m[1m[22m[2m │ gzip:  15.60 kB[22m
[2mpublic/build/[22m[36massets/Show-CdIeEX6A.js                            [39m[1m[2m 61.37 kB[22m[1m[22m[2m │ gzip:  16.70 kB[22m
[2mpublic/build/[22m[36massets/Index-GvP-hKOc.js                           [39m[1m[2m 61.40 kB[22m[1m[22m[2m │ gzip:  13.31 kB[22m
[2mpublic/build/[22m[36massets/ajuste-masivo-DO8qHT_h.js                   [39m[1m[2m 61.72 kB[22m[1m[22m[2m │ gzip:  15.33 kB[22m
[2mpublic/build/[22m[36massets/ui-vendor-B_sSVK-h.js                       [39m[1m[2m105.31 kB[22m[1m[22m[2m │ gzip:  33.74 kB[22m
[2mpublic/build/[22m[36massets/index.es-Cbsjd-U3.js                        [39m[1m[2m159.48 kB[22m[1m[22m[2m │ gzip:  53.44 kB[22m
[2mpublic/build/[22m[36massets/maps-vendor-D6lwlBMa.js                     [39m[1m[2m164.34 kB[22m[1m[22m[2m │ gzip:  38.44 kB[22m
[2mpublic/build/[22m[36massets/chart-vendor-Cah3EO7n.js                    [39m[1m[2m185.09 kB[22m[1m[22m[2m │ gzip:  64.46 kB[22m
[2mpublic/build/[22m[36massets/BarcodeStringFormat-DeK4GUIE.js             [39m[1m[2m390.90 kB[22m[1m[22m[2m │ gzip: 103.32 kB[22m
[2mpublic/build/[22m[36massets/xlsx-PER9UG_v.js                            [39m[1m[2m429.49 kB[22m[1m[22m[2m │ gzip: 143.07 kB[22m
[2mpublic/build/[22m[36massets/app-POxoKbCW.js                             [39m[1m[2m454.13 kB[22m[1m[22m[2m │ gzip: 132.25 kB[22m
[2mpublic/build/[22m[36massets/index-CyH20Pig.js                           [39m[1m[2m525.83 kB[22m[1m[22m[2m │ gzip:  56.92 kB[22m
[2mpublic/build/[22m[36massets/export.service-D_syB-zN.js                  [39m[1m[2m594.01 kB[22m[1m[22m[2m │ gzip: 176.50 kB[22m
[2mpublic/build/[22m[36massets/app-layout-DU7X8XBk.js                      [39m[1m[2m846.26 kB[22m[1m[22m[2m │ gzip: 164.89 kB[22m
[32m✓ built in 37.59s[39m
